2025-05-09 22:02:09 INFO  [main] c.r.v.r.BatteryRepositoryTest - Starting BatteryRepositoryTest using Java 23.0.2 with PID 14720 (started by tahmidhamim in /Users/tahmidhamim/Desktop/Work/Assessment/rore-int/vpp)
2025-05-09 22:02:09 INFO  [main] c.r.v.r.BatteryRepositoryTest - No active profile set, falling back to 1 default profile: "default"
2025-05-09 22:02:10 WARN  [main] org.hibernate.orm.deprecation - HHH90000025: PostgreSQLDialect does not need to be specified explicitly using 'hibernate.dialect' (remove the property setting and it will be selected by default)
2025-05-09 22:02:11 INFO  [main] c.r.v.r.BatteryRepositoryTest - Started BatteryRepositoryTest in 1.894 seconds (process running for 7.162)
2025-05-09 22:02:12 INFO  [main] c.rore_int.vpp.VppApplicationTests - Starting VppApplicationTests using Java 23.0.2 with PID 14720 (started by tahmidhamim in /Users/tahmidhamim/Desktop/Work/Assessment/rore-int/vpp)
2025-05-09 22:02:12 INFO  [main] c.rore_int.vpp.VppApplicationTests - No active profile set, falling back to 1 default profile: "default"
2025-05-09 22:02:13 WARN  [main] org.hibernate.orm.deprecation - HHH90000025: PostgreSQLDialect does not need to be specified explicitly using 'hibernate.dialect' (remove the property setting and it will be selected by default)
2025-05-09 22:02:13 WARN  [main] o.s.b.a.o.j.JpaBaseConfiguration$JpaWebConfiguration - spring.jpa.open-in-view is enabled by default. Therefore, database queries may be performed during view rendering. Explicitly configure spring.jpa.open-in-view to disable this warning
2025-05-09 22:02:13 INFO  [main] c.rore_int.vpp.VppApplicationTests - Started VppApplicationTests in 1.54 seconds (process running for 9.479)
2025-05-09 22:02:13 INFO  [main] c.r.vpp.service.BatteryService - Searching batteries in postcode range: 7000 to 7200, minCapacity: null, maxCapacity: null
2025-05-09 22:02:13 INFO  [main] c.r.vpp.service.BatteryService - Found 0 batteries in postcode range: 7000 to 7200
2025-05-09 22:02:13 INFO  [main] c.r.vpp.service.BatteryService - Searching batteries in postcode range: 6000 to 6200, minCapacity: 50000, maxCapacity: null
2025-05-09 22:02:13 INFO  [main] c.r.vpp.service.BatteryService - Found 1 batteries in postcode range: 6000 to 6200
2025-05-09 22:02:13 INFO  [main] c.r.vpp.service.BatteryService - Searching batteries in postcode range: 6000 to 6200, minCapacity: null, maxCapacity: 20000
2025-05-09 22:02:13 INFO  [main] c.r.vpp.service.BatteryService - Found 1 batteries in postcode range: 6000 to 6200
2025-05-09 22:02:13 INFO  [main] c.r.vpp.service.BatteryService - Searching batteries in postcode range: 6000 to 6200, minCapacity: 10000, maxCapacity: 60000
2025-05-09 22:02:13 INFO  [main] c.r.vpp.service.BatteryService - Found 2 batteries in postcode range: 6000 to 6200
2025-05-09 22:02:13 INFO  [main] c.r.vpp.service.BatteryService - Creating 2 batteries
2025-05-09 22:02:13 INFO  [main] c.r.vpp.service.BatteryService - Successfully created 2 batteries
2025-05-09 22:02:14 WARN  [SpringApplicationShutdownHook] com.zaxxer.hikari.pool.PoolBase - HikariPool-1 - Failed to validate connection org.postgresql.jdbc.PgConnection@5e9705a4 (This connection has been closed.). Possibly consider using a shorter maxLifetime value.
2025-05-09 22:02:44 WARN  [SpringApplicationShutdownHook] o.h.e.jdbc.spi.SqlExceptionHelper - SQL Error: 0, SQLState: 08001
2025-05-09 22:02:44 ERROR [SpringApplicationShutdownHook] o.h.e.jdbc.spi.SqlExceptionHelper - HikariPool-1 - Connection is not available, request timed out after 30004ms (total=0, active=0, idle=0, waiting=0)
2025-05-09 22:02:44 ERROR [SpringApplicationShutdownHook] o.h.e.jdbc.spi.SqlExceptionHelper - Connection to localhost:57444 refused. Check that the hostname and port are correct and that the postmaster is accepting TCP/IP connections.
2025-05-09 22:02:44 WARN  [SpringApplicationShutdownHook] o.s.b.f.s.DisposableBeanAdapter - Invocation of destroy method failed on bean with name 'entityManagerFactory': org.hibernate.exception.JDBCConnectionException: Unable to open JDBC Connection for DDL execution [HikariPool-1 - Connection is not available, request timed out after 30004ms (total=0, active=0, idle=0, waiting=0)] [n/a]
2025-05-09 22:03:05 INFO  [main] c.r.v.r.BatteryRepositoryTest - Starting BatteryRepositoryTest using Java 23.0.2 with PID 14810 (started by tahmidhamim in /Users/tahmidhamim/Desktop/Work/Assessment/rore-int/vpp)
2025-05-09 22:03:05 INFO  [main] c.r.v.r.BatteryRepositoryTest - No active profile set, falling back to 1 default profile: "default"
2025-05-09 22:03:06 WARN  [main] org.hibernate.orm.deprecation - HHH90000025: PostgreSQLDialect does not need to be specified explicitly using 'hibernate.dialect' (remove the property setting and it will be selected by default)
2025-05-09 22:03:07 INFO  [main] c.r.v.r.BatteryRepositoryTest - Started BatteryRepositoryTest in 1.645 seconds (process running for 3.967)
2025-05-09 22:03:08 INFO  [main] c.rore_int.vpp.VppApplicationTests - Starting VppApplicationTests using Java 23.0.2 with PID 14810 (started by tahmidhamim in /Users/tahmidhamim/Desktop/Work/Assessment/rore-int/vpp)
2025-05-09 22:03:08 INFO  [main] c.rore_int.vpp.VppApplicationTests - No active profile set, falling back to 1 default profile: "default"
2025-05-09 22:03:09 WARN  [main] org.hibernate.orm.deprecation - HHH90000025: PostgreSQLDialect does not need to be specified explicitly using 'hibernate.dialect' (remove the property setting and it will be selected by default)
2025-05-09 22:03:09 WARN  [main] o.s.b.a.o.j.JpaBaseConfiguration$JpaWebConfiguration - spring.jpa.open-in-view is enabled by default. Therefore, database queries may be performed during view rendering. Explicitly configure spring.jpa.open-in-view to disable this warning
2025-05-09 22:03:09 INFO  [main] c.rore_int.vpp.VppApplicationTests - Started VppApplicationTests in 1.504 seconds (process running for 6.245)
2025-05-09 22:03:09 INFO  [main] c.r.vpp.service.BatteryService - Searching batteries in postcode range: 7000 to 7200, minCapacity: null, maxCapacity: null
2025-05-09 22:03:09 INFO  [main] c.r.vpp.service.BatteryService - Found 0 batteries in postcode range: 7000 to 7200
2025-05-09 22:03:09 INFO  [main] c.r.vpp.service.BatteryService - Searching batteries in postcode range: 6000 to 6200, minCapacity: 50000, maxCapacity: null
2025-05-09 22:03:09 INFO  [main] c.r.vpp.service.BatteryService - Found 1 batteries in postcode range: 6000 to 6200
2025-05-09 22:03:09 INFO  [main] c.r.vpp.service.BatteryService - Searching batteries in postcode range: 6000 to 6200, minCapacity: null, maxCapacity: 20000
2025-05-09 22:03:09 INFO  [main] c.r.vpp.service.BatteryService - Found 1 batteries in postcode range: 6000 to 6200
2025-05-09 22:03:09 INFO  [main] c.r.vpp.service.BatteryService - Searching batteries in postcode range: 6000 to 6200, minCapacity: 10000, maxCapacity: 60000
2025-05-09 22:03:09 INFO  [main] c.r.vpp.service.BatteryService - Found 2 batteries in postcode range: 6000 to 6200
2025-05-09 22:03:09 INFO  [main] c.r.vpp.service.BatteryService - Creating 2 batteries
2025-05-09 22:03:09 INFO  [main] c.r.vpp.service.BatteryService - Successfully created 2 batteries
2025-05-09 22:03:09 WARN  [SpringApplicationShutdownHook] com.zaxxer.hikari.pool.PoolBase - HikariPool-1 - Failed to validate connection org.postgresql.jdbc.PgConnection@463200da (This connection has been closed.). Possibly consider using a shorter maxLifetime value.
2025-05-09 22:03:39 WARN  [SpringApplicationShutdownHook] o.h.e.jdbc.spi.SqlExceptionHelper - SQL Error: 0, SQLState: 08001
2025-05-09 22:03:39 ERROR [SpringApplicationShutdownHook] o.h.e.jdbc.spi.SqlExceptionHelper - HikariPool-1 - Connection is not available, request timed out after 30008ms (total=0, active=0, idle=0, waiting=0)
2025-05-09 22:03:39 ERROR [SpringApplicationShutdownHook] o.h.e.jdbc.spi.SqlExceptionHelper - Connection to localhost:57514 refused. Check that the hostname and port are correct and that the postmaster is accepting TCP/IP connections.
2025-05-09 22:03:39 WARN  [SpringApplicationShutdownHook] o.s.b.f.s.DisposableBeanAdapter - Invocation of destroy method failed on bean with name 'entityManagerFactory': org.hibernate.exception.JDBCConnectionException: Unable to open JDBC Connection for DDL execution [HikariPool-1 - Connection is not available, request timed out after 30008ms (total=0, active=0, idle=0, waiting=0)] [n/a]
2025-05-09 22:04:46 INFO  [main] c.r.v.r.BatteryRepositoryTest - Starting BatteryRepositoryTest using Java 23.0.2 with PID 14899 (started by tahmidhamim in /Users/tahmidhamim/Desktop/Work/Assessment/rore-int/vpp)
2025-05-09 22:04:46 INFO  [main] c.r.v.r.BatteryRepositoryTest - No active profile set, falling back to 1 default profile: "default"
2025-05-09 22:04:46 WARN  [main] org.hibernate.orm.deprecation - HHH90000025: PostgreSQLDialect does not need to be specified explicitly using 'hibernate.dialect' (remove the property setting and it will be selected by default)
2025-05-09 22:04:47 INFO  [main] c.r.v.r.BatteryRepositoryTest - Started BatteryRepositoryTest in 1.789 seconds (process running for 4.231)
2025-05-09 22:04:48 INFO  [main] c.rore_int.vpp.VppApplicationTests - Starting VppApplicationTests using Java 23.0.2 with PID 14899 (started by tahmidhamim in /Users/tahmidhamim/Desktop/Work/Assessment/rore-int/vpp)
2025-05-09 22:04:48 INFO  [main] c.rore_int.vpp.VppApplicationTests - No active profile set, falling back to 1 default profile: "default"
2025-05-09 22:04:49 WARN  [main] org.hibernate.orm.deprecation - HHH90000025: PostgreSQLDialect does not need to be specified explicitly using 'hibernate.dialect' (remove the property setting and it will be selected by default)
2025-05-09 22:04:49 WARN  [main] o.s.b.a.o.j.JpaBaseConfiguration$JpaWebConfiguration - spring.jpa.open-in-view is enabled by default. Therefore, database queries may be performed during view rendering. Explicitly configure spring.jpa.open-in-view to disable this warning
2025-05-09 22:04:50 INFO  [main] c.rore_int.vpp.VppApplicationTests - Started VppApplicationTests in 1.475 seconds (process running for 6.507)
2025-05-09 22:04:50 INFO  [main] c.r.vpp.service.BatteryService - Searching batteries in postcode range: 7000 to 7200, minCapacity: null, maxCapacity: null
2025-05-09 22:04:50 INFO  [main] c.r.vpp.service.BatteryService - Found 0 batteries in postcode range: 7000 to 7200
2025-05-09 22:04:50 INFO  [main] c.r.vpp.service.BatteryService - Searching batteries in postcode range: 6000 to 6200, minCapacity: 50000, maxCapacity: null
2025-05-09 22:04:50 INFO  [main] c.r.vpp.service.BatteryService - Found 1 batteries in postcode range: 6000 to 6200
2025-05-09 22:04:50 INFO  [main] c.r.vpp.service.BatteryService - Searching batteries in postcode range: 6000 to 6200, minCapacity: null, maxCapacity: 20000
2025-05-09 22:04:50 INFO  [main] c.r.vpp.service.BatteryService - Found 1 batteries in postcode range: 6000 to 6200
2025-05-09 22:04:50 INFO  [main] c.r.vpp.service.BatteryService - Searching batteries in postcode range: 6000 to 6200, minCapacity: 10000, maxCapacity: 60000
2025-05-09 22:04:50 INFO  [main] c.r.vpp.service.BatteryService - Found 2 batteries in postcode range: 6000 to 6200
2025-05-09 22:04:50 INFO  [main] c.r.vpp.service.BatteryService - Creating 2 batteries
2025-05-09 22:04:50 INFO  [main] c.r.vpp.service.BatteryService - Successfully created 2 batteries
2025-05-09 22:04:50 WARN  [SpringApplicationShutdownHook] com.zaxxer.hikari.pool.PoolBase - HikariPool-1 - Failed to validate connection org.postgresql.jdbc.PgConnection@52c2f1d3 (This connection has been closed.). Possibly consider using a shorter maxLifetime value.
2025-05-09 22:05:20 WARN  [SpringApplicationShutdownHook] o.h.e.jdbc.spi.SqlExceptionHelper - SQL Error: 0, SQLState: 08001
2025-05-09 22:05:20 ERROR [SpringApplicationShutdownHook] o.h.e.jdbc.spi.SqlExceptionHelper - HikariPool-1 - Connection is not available, request timed out after 30001ms (total=0, active=0, idle=0, waiting=0)
2025-05-09 22:05:20 ERROR [SpringApplicationShutdownHook] o.h.e.jdbc.spi.SqlExceptionHelper - Connection to localhost:57598 refused. Check that the hostname and port are correct and that the postmaster is accepting TCP/IP connections.
2025-05-09 22:05:20 WARN  [SpringApplicationShutdownHook] o.s.b.f.s.DisposableBeanAdapter - Invocation of destroy method failed on bean with name 'entityManagerFactory': org.hibernate.exception.JDBCConnectionException: Unable to open JDBC Connection for DDL execution [HikariPool-1 - Connection is not available, request timed out after 30001ms (total=0, active=0, idle=0, waiting=0)] [n/a]
2025-05-09 22:06:06 INFO  [main] c.r.v.r.BatteryRepositoryTest - Starting BatteryRepositoryTest using Java 23.0.2 with PID 14986 (started by tahmidhamim in /Users/tahmidhamim/Desktop/Work/Assessment/rore-int/vpp)
2025-05-09 22:06:06 INFO  [main] c.r.v.r.BatteryRepositoryTest - No active profile set, falling back to 1 default profile: "default"
2025-05-09 22:06:07 WARN  [main] org.hibernate.orm.deprecation - HHH90000025: PostgreSQLDialect does not need to be specified explicitly using 'hibernate.dialect' (remove the property setting and it will be selected by default)
2025-05-09 22:06:08 INFO  [main] c.r.v.r.BatteryRepositoryTest - Started BatteryRepositoryTest in 1.741 seconds (process running for 4.069)
2025-05-09 22:06:09 INFO  [main] c.rore_int.vpp.VppApplicationTests - Starting VppApplicationTests using Java 23.0.2 with PID 14986 (started by tahmidhamim in /Users/tahmidhamim/Desktop/Work/Assessment/rore-int/vpp)
2025-05-09 22:06:09 INFO  [main] c.rore_int.vpp.VppApplicationTests - No active profile set, falling back to 1 default profile: "default"
2025-05-09 22:06:10 WARN  [main] org.hibernate.orm.deprecation - HHH90000025: PostgreSQLDialect does not need to be specified explicitly using 'hibernate.dialect' (remove the property setting and it will be selected by default)
2025-05-09 22:06:10 WARN  [main] o.s.b.a.o.j.JpaBaseConfiguration$JpaWebConfiguration - spring.jpa.open-in-view is enabled by default. Therefore, database queries may be performed during view rendering. Explicitly configure spring.jpa.open-in-view to disable this warning
2025-05-09 22:06:10 INFO  [main] c.rore_int.vpp.VppApplicationTests - Started VppApplicationTests in 1.519 seconds (process running for 6.371)
2025-05-09 22:06:10 INFO  [main] c.r.vpp.service.BatteryService - Searching batteries in postcode range: 7000 to 7200, minCapacity: null, maxCapacity: null
2025-05-09 22:06:10 INFO  [main] c.r.vpp.service.BatteryService - Found 0 batteries in postcode range: 7000 to 7200
2025-05-09 22:06:10 INFO  [main] c.r.vpp.service.BatteryService - Searching batteries in postcode range: 6000 to 6200, minCapacity: 50000, maxCapacity: null
2025-05-09 22:06:10 INFO  [main] c.r.vpp.service.BatteryService - Found 1 batteries in postcode range: 6000 to 6200
2025-05-09 22:06:10 INFO  [main] c.r.vpp.service.BatteryService - Searching batteries in postcode range: 6000 to 6200, minCapacity: null, maxCapacity: 20000
2025-05-09 22:06:10 INFO  [main] c.r.vpp.service.BatteryService - Found 1 batteries in postcode range: 6000 to 6200
2025-05-09 22:06:10 INFO  [main] c.r.vpp.service.BatteryService - Searching batteries in postcode range: 6000 to 6200, minCapacity: 10000, maxCapacity: 60000
2025-05-09 22:06:10 INFO  [main] c.r.vpp.service.BatteryService - Found 2 batteries in postcode range: 6000 to 6200
2025-05-09 22:06:10 INFO  [main] c.r.vpp.service.BatteryService - Creating 2 batteries
2025-05-09 22:06:10 INFO  [main] c.r.vpp.service.BatteryService - Successfully created 2 batteries
2025-05-09 22:06:10 WARN  [SpringApplicationShutdownHook] com.zaxxer.hikari.pool.PoolBase - HikariPool-1 - Failed to validate connection org.postgresql.jdbc.PgConnection@245437ca (This connection has been closed.). Possibly consider using a shorter maxLifetime value.
2025-05-09 22:06:40 WARN  [SpringApplicationShutdownHook] o.h.e.jdbc.spi.SqlExceptionHelper - SQL Error: 0, SQLState: 08001
2025-05-09 22:06:40 ERROR [SpringApplicationShutdownHook] o.h.e.jdbc.spi.SqlExceptionHelper - HikariPool-1 - Connection is not available, request timed out after 30007ms (total=0, active=0, idle=0, waiting=0)
2025-05-09 22:06:40 ERROR [SpringApplicationShutdownHook] o.h.e.jdbc.spi.SqlExceptionHelper - Connection to localhost:57671 refused. Check that the hostname and port are correct and that the postmaster is accepting TCP/IP connections.
2025-05-09 22:06:40 WARN  [SpringApplicationShutdownHook] o.s.b.f.s.DisposableBeanAdapter - Invocation of destroy method failed on bean with name 'entityManagerFactory': org.hibernate.exception.JDBCConnectionException: Unable to open JDBC Connection for DDL execution [HikariPool-1 - Connection is not available, request timed out after 30007ms (total=0, active=0, idle=0, waiting=0)] [n/a]
2025-05-09 22:07:31 INFO  [main] c.r.v.r.BatteryRepositoryTest - Starting BatteryRepositoryTest using Java 23.0.2 with PID 15066 (started by tahmidhamim in /Users/tahmidhamim/Desktop/Work/Assessment/rore-int/vpp)
2025-05-09 22:07:31 INFO  [main] c.r.v.r.BatteryRepositoryTest - No active profile set, falling back to 1 default profile: "default"
2025-05-09 22:07:32 WARN  [main] org.hibernate.orm.deprecation - HHH90000025: PostgreSQLDialect does not need to be specified explicitly using 'hibernate.dialect' (remove the property setting and it will be selected by default)
2025-05-09 22:07:34 INFO  [main] c.r.v.r.BatteryRepositoryTest - Started BatteryRepositoryTest in 3.132 seconds (process running for 7.188)
2025-05-09 22:07:36 INFO  [main] c.rore_int.vpp.VppApplicationTests - Starting VppApplicationTests using Java 23.0.2 with PID 15066 (started by tahmidhamim in /Users/tahmidhamim/Desktop/Work/Assessment/rore-int/vpp)
2025-05-09 22:07:36 INFO  [main] c.rore_int.vpp.VppApplicationTests - No active profile set, falling back to 1 default profile: "default"
2025-05-09 22:07:38 WARN  [main] org.hibernate.orm.deprecation - HHH90000025: PostgreSQLDialect does not need to be specified explicitly using 'hibernate.dialect' (remove the property setting and it will be selected by default)
2025-05-09 22:07:38 WARN  [main] o.s.b.a.o.j.JpaBaseConfiguration$JpaWebConfiguration - spring.jpa.open-in-view is enabled by default. Therefore, database queries may be performed during view rendering. Explicitly configure spring.jpa.open-in-view to disable this warning
2025-05-09 22:07:38 INFO  [main] c.rore_int.vpp.VppApplicationTests - Started VppApplicationTests in 1.856 seconds (process running for 10.612)
2025-05-09 22:07:38 INFO  [main] c.r.vpp.service.BatteryService - Searching batteries in postcode range: 7000 to 7200, minCapacity: null, maxCapacity: null
2025-05-09 22:07:38 INFO  [main] c.r.vpp.service.BatteryService - Found 0 batteries in postcode range: 7000 to 7200
2025-05-09 22:07:38 INFO  [main] c.r.vpp.service.BatteryService - Searching batteries in postcode range: 6000 to 6200, minCapacity: 50000, maxCapacity: null
2025-05-09 22:07:38 INFO  [main] c.r.vpp.service.BatteryService - Found 1 batteries in postcode range: 6000 to 6200
2025-05-09 22:07:38 INFO  [main] c.r.vpp.service.BatteryService - Searching batteries in postcode range: 6000 to 6200, minCapacity: null, maxCapacity: 20000
2025-05-09 22:07:38 INFO  [main] c.r.vpp.service.BatteryService - Found 1 batteries in postcode range: 6000 to 6200
2025-05-09 22:07:38 INFO  [main] c.r.vpp.service.BatteryService - Searching batteries in postcode range: 6000 to 6200, minCapacity: 10000, maxCapacity: 60000
2025-05-09 22:07:38 INFO  [main] c.r.vpp.service.BatteryService - Found 2 batteries in postcode range: 6000 to 6200
2025-05-09 22:07:38 INFO  [main] c.r.vpp.service.BatteryService - Creating 2 batteries
2025-05-09 22:07:38 INFO  [main] c.r.vpp.service.BatteryService - Successfully created 2 batteries
2025-05-09 22:07:38 WARN  [SpringApplicationShutdownHook] com.zaxxer.hikari.pool.PoolBase - HikariPool-1 - Failed to validate connection org.postgresql.jdbc.PgConnection@3ad49fe9 (This connection has been closed.). Possibly consider using a shorter maxLifetime value.
2025-05-09 22:08:08 WARN  [SpringApplicationShutdownHook] o.h.e.jdbc.spi.SqlExceptionHelper - SQL Error: 0, SQLState: 08001
2025-05-09 22:08:08 ERROR [SpringApplicationShutdownHook] o.h.e.jdbc.spi.SqlExceptionHelper - HikariPool-1 - Connection is not available, request timed out after 30007ms (total=0, active=0, idle=0, waiting=0)
2025-05-09 22:08:08 ERROR [SpringApplicationShutdownHook] o.h.e.jdbc.spi.SqlExceptionHelper - Connection to localhost:57764 refused. Check that the hostname and port are correct and that the postmaster is accepting TCP/IP connections.
2025-05-09 22:08:08 WARN  [SpringApplicationShutdownHook] o.s.b.f.s.DisposableBeanAdapter - Invocation of destroy method failed on bean with name 'entityManagerFactory': org.hibernate.exception.JDBCConnectionException: Unable to open JDBC Connection for DDL execution [HikariPool-1 - Connection is not available, request timed out after 30007ms (total=0, active=0, idle=0, waiting=0)] [n/a]
2025-05-09 22:09:08 INFO  [main] c.r.v.r.BatteryRepositoryTest - Starting BatteryRepositoryTest using Java 23.0.2 with PID 15136 (started by tahmidhamim in /Users/tahmidhamim/Desktop/Work/Assessment/rore-int/vpp)
2025-05-09 22:09:08 INFO  [main] c.r.v.r.BatteryRepositoryTest - No active profile set, falling back to 1 default profile: "default"
2025-05-09 22:09:09 WARN  [main] org.hibernate.orm.deprecation - HHH90000025: PostgreSQLDialect does not need to be specified explicitly using 'hibernate.dialect' (remove the property setting and it will be selected by default)
2025-05-09 22:09:10 INFO  [main] c.r.v.r.BatteryRepositoryTest - Started BatteryRepositoryTest in 2.235 seconds (process running for 8.586)
2025-05-09 22:09:10 INFO  [main] c.rore_int.vpp.VppApplicationTests - Starting VppApplicationTests using Java 23.0.2 with PID 15136 (started by tahmidhamim in /Users/tahmidhamim/Desktop/Work/Assessment/rore-int/vpp)
2025-05-09 22:09:10 INFO  [main] c.rore_int.vpp.VppApplicationTests - No active profile set, falling back to 1 default profile: "default"
2025-05-09 22:09:12 WARN  [main] org.hibernate.orm.deprecation - HHH90000025: PostgreSQLDialect does not need to be specified explicitly using 'hibernate.dialect' (remove the property setting and it will be selected by default)
2025-05-09 22:09:12 WARN  [main] o.s.b.a.o.j.JpaBaseConfiguration$JpaWebConfiguration - spring.jpa.open-in-view is enabled by default. Therefore, database queries may be performed during view rendering. Explicitly configure spring.jpa.open-in-view to disable this warning
2025-05-09 22:09:12 INFO  [main] c.rore_int.vpp.VppApplicationTests - Started VppApplicationTests in 1.614 seconds (process running for 11.048)
2025-05-09 22:09:12 INFO  [main] c.r.vpp.service.BatteryService - Searching batteries in postcode range: 7000 to 7200, minCapacity: null, maxCapacity: null
2025-05-09 22:09:12 INFO  [main] c.r.vpp.service.BatteryService - Found 0 batteries in postcode range: 7000 to 7200
2025-05-09 22:09:12 INFO  [main] c.r.vpp.service.BatteryService - Searching batteries in postcode range: 6000 to 6200, minCapacity: 50000, maxCapacity: null
2025-05-09 22:09:12 INFO  [main] c.r.vpp.service.BatteryService - Found 1 batteries in postcode range: 6000 to 6200
2025-05-09 22:09:12 INFO  [main] c.r.vpp.service.BatteryService - Searching batteries in postcode range: 6000 to 6200, minCapacity: null, maxCapacity: 20000
2025-05-09 22:09:12 INFO  [main] c.r.vpp.service.BatteryService - Found 1 batteries in postcode range: 6000 to 6200
2025-05-09 22:09:12 INFO  [main] c.r.vpp.service.BatteryService - Searching batteries in postcode range: 6000 to 6200, minCapacity: 10000, maxCapacity: 60000
2025-05-09 22:09:12 INFO  [main] c.r.vpp.service.BatteryService - Found 2 batteries in postcode range: 6000 to 6200
2025-05-09 22:09:12 INFO  [main] c.r.vpp.service.BatteryService - Creating 2 batteries
2025-05-09 22:09:12 INFO  [main] c.r.vpp.service.BatteryService - Successfully created 2 batteries
2025-05-09 22:09:13 WARN  [SpringApplicationShutdownHook] com.zaxxer.hikari.pool.PoolBase - HikariPool-1 - Failed to validate connection org.postgresql.jdbc.PgConnection@49547cdc (This connection has been closed.). Possibly consider using a shorter maxLifetime value.
2025-05-09 22:09:43 WARN  [SpringApplicationShutdownHook] o.h.e.jdbc.spi.SqlExceptionHelper - SQL Error: 0, SQLState: 08001
2025-05-09 22:09:43 ERROR [SpringApplicationShutdownHook] o.h.e.jdbc.spi.SqlExceptionHelper - HikariPool-1 - Connection is not available, request timed out after 30009ms (total=0, active=0, idle=0, waiting=0)
2025-05-09 22:09:43 ERROR [SpringApplicationShutdownHook] o.h.e.jdbc.spi.SqlExceptionHelper - Connection to localhost:57881 refused. Check that the hostname and port are correct and that the postmaster is accepting TCP/IP connections.
2025-05-09 22:09:43 WARN  [SpringApplicationShutdownHook] o.s.b.f.s.DisposableBeanAdapter - Invocation of destroy method failed on bean with name 'entityManagerFactory': org.hibernate.exception.JDBCConnectionException: Unable to open JDBC Connection for DDL execution [HikariPool-1 - Connection is not available, request timed out after 30009ms (total=0, active=0, idle=0, waiting=0)] [n/a]
2025-05-09 22:31:00 INFO  [main] c.r.v.r.BatteryRepositoryTest - Starting BatteryRepositoryTest using Java 23.0.2 with PID 16579 (started by tahmidhamim in /Users/tahmidhamim/Desktop/Work/Assessment/rore-int/vpp)
2025-05-09 22:31:00 INFO  [main] c.r.v.r.BatteryRepositoryTest - No active profile set, falling back to 1 default profile: "default"
2025-05-09 22:31:01 WARN  [main] org.hibernate.orm.deprecation - HHH90000025: PostgreSQLDialect does not need to be specified explicitly using 'hibernate.dialect' (remove the property setting and it will be selected by default)
2025-05-09 22:31:02 INFO  [main] c.r.v.r.BatteryRepositoryTest - Started BatteryRepositoryTest in 1.949 seconds (process running for 9.835)
2025-05-09 22:31:03 INFO  [main] c.rore_int.vpp.VppApplicationTests - Starting VppApplicationTests using Java 23.0.2 with PID 16579 (started by tahmidhamim in /Users/tahmidhamim/Desktop/Work/Assessment/rore-int/vpp)
2025-05-09 22:31:03 INFO  [main] c.rore_int.vpp.VppApplicationTests - No active profile set, falling back to 1 default profile: "default"
2025-05-09 22:31:04 WARN  [main] org.hibernate.orm.deprecation - HHH90000025: PostgreSQLDialect does not need to be specified explicitly using 'hibernate.dialect' (remove the property setting and it will be selected by default)
2025-05-09 22:31:04 WARN  [main] o.s.b.a.o.j.JpaBaseConfiguration$JpaWebConfiguration - spring.jpa.open-in-view is enabled by default. Therefore, database queries may be performed during view rendering. Explicitly configure spring.jpa.open-in-view to disable this warning
2025-05-09 22:31:05 INFO  [main] c.rore_int.vpp.VppApplicationTests - Started VppApplicationTests in 1.771 seconds (process running for 12.432)
2025-05-09 22:31:05 INFO  [main] c.r.vpp.service.BatteryService - Searching batteries in postcode range: 7000 to 7200, minCapacity: null, maxCapacity: null
2025-05-09 22:31:05 INFO  [main] c.r.vpp.service.BatteryService - Found 0 batteries in postcode range: 7000 to 7200
2025-05-09 22:31:05 INFO  [main] c.r.vpp.service.BatteryService - Searching batteries in postcode range: 6000 to 6200, minCapacity: 50000, maxCapacity: null
2025-05-09 22:31:05 INFO  [main] c.r.vpp.service.BatteryService - Found 1 batteries in postcode range: 6000 to 6200
2025-05-09 22:31:05 INFO  [main] c.r.vpp.service.BatteryService - Searching batteries in postcode range: 6000 to 6200, minCapacity: null, maxCapacity: 20000
2025-05-09 22:31:05 INFO  [main] c.r.vpp.service.BatteryService - Found 1 batteries in postcode range: 6000 to 6200
2025-05-09 22:31:05 INFO  [main] c.r.vpp.service.BatteryService - Searching batteries in postcode range: 6000 to 6200, minCapacity: 10000, maxCapacity: 60000
2025-05-09 22:31:05 INFO  [main] c.r.vpp.service.BatteryService - Found 2 batteries in postcode range: 6000 to 6200
2025-05-09 22:31:05 INFO  [main] c.r.vpp.service.BatteryService - Creating 2 batteries asynchronously
2025-05-09 22:31:05 INFO  [main] c.r.vpp.service.BatteryService - Successfully created 2 batteries
2025-05-09 22:31:05 WARN  [SpringApplicationShutdownHook] com.zaxxer.hikari.pool.PoolBase - HikariPool-1 - Failed to validate connection org.postgresql.jdbc.PgConnection@6369a790 (This connection has been closed.). Possibly consider using a shorter maxLifetime value.
2025-05-09 22:31:35 WARN  [SpringApplicationShutdownHook] o.h.e.jdbc.spi.SqlExceptionHelper - SQL Error: 0, SQLState: 08001
2025-05-09 22:31:35 ERROR [SpringApplicationShutdownHook] o.h.e.jdbc.spi.SqlExceptionHelper - HikariPool-1 - Connection is not available, request timed out after 30006ms (total=0, active=0, idle=0, waiting=0)
2025-05-09 22:31:35 ERROR [SpringApplicationShutdownHook] o.h.e.jdbc.spi.SqlExceptionHelper - Connection to localhost:58997 refused. Check that the hostname and port are correct and that the postmaster is accepting TCP/IP connections.
2025-05-09 22:31:35 WARN  [SpringApplicationShutdownHook] o.s.b.f.s.DisposableBeanAdapter - Invocation of destroy method failed on bean with name 'entityManagerFactory': org.hibernate.exception.JDBCConnectionException: Unable to open JDBC Connection for DDL execution [HikariPool-1 - Connection is not available, request timed out after 30006ms (total=0, active=0, idle=0, waiting=0)] [n/a]
2025-05-09 22:32:44 INFO  [main] c.r.v.r.BatteryRepositoryTest - Starting BatteryRepositoryTest using Java 23.0.2 with PID 16681 (started by tahmidhamim in /Users/tahmidhamim/Desktop/Work/Assessment/rore-int/vpp)
2025-05-09 22:32:44 INFO  [main] c.r.v.r.BatteryRepositoryTest - No active profile set, falling back to 1 default profile: "default"
2025-05-09 22:32:45 WARN  [main] org.hibernate.orm.deprecation - HHH90000025: PostgreSQLDialect does not need to be specified explicitly using 'hibernate.dialect' (remove the property setting and it will be selected by default)
2025-05-09 22:32:46 INFO  [main] c.r.v.r.BatteryRepositoryTest - Started BatteryRepositoryTest in 1.758 seconds (process running for 5.817)
2025-05-09 22:32:46 INFO  [main] c.rore_int.vpp.VppApplicationTests - Starting VppApplicationTests using Java 23.0.2 with PID 16681 (started by tahmidhamim in /Users/tahmidhamim/Desktop/Work/Assessment/rore-int/vpp)
2025-05-09 22:32:46 INFO  [main] c.rore_int.vpp.VppApplicationTests - No active profile set, falling back to 1 default profile: "default"
2025-05-09 22:32:48 WARN  [main] org.hibernate.orm.deprecation - HHH90000025: PostgreSQLDialect does not need to be specified explicitly using 'hibernate.dialect' (remove the property setting and it will be selected by default)
2025-05-09 22:32:48 WARN  [main] o.s.b.a.o.j.JpaBaseConfiguration$JpaWebConfiguration - spring.jpa.open-in-view is enabled by default. Therefore, database queries may be performed during view rendering. Explicitly configure spring.jpa.open-in-view to disable this warning
2025-05-09 22:32:48 INFO  [main] c.rore_int.vpp.VppApplicationTests - Started VppApplicationTests in 1.612 seconds (process running for 8.228)
2025-05-09 22:32:48 INFO  [main] c.r.vpp.service.BatteryService - Searching batteries in postcode range: 7000 to 7200, minCapacity: null, maxCapacity: null
2025-05-09 22:32:48 INFO  [main] c.r.vpp.service.BatteryService - Found 0 batteries in postcode range: 7000 to 7200
2025-05-09 22:32:48 INFO  [main] c.r.vpp.service.BatteryService - Searching batteries in postcode range: 6000 to 6200, minCapacity: 50000, maxCapacity: null
2025-05-09 22:32:48 INFO  [main] c.r.vpp.service.BatteryService - Found 1 batteries in postcode range: 6000 to 6200
2025-05-09 22:32:48 INFO  [main] c.r.vpp.service.BatteryService - Searching batteries in postcode range: 6000 to 6200, minCapacity: null, maxCapacity: 20000
2025-05-09 22:32:48 INFO  [main] c.r.vpp.service.BatteryService - Found 1 batteries in postcode range: 6000 to 6200
2025-05-09 22:32:48 INFO  [main] c.r.vpp.service.BatteryService - Searching batteries in postcode range: 6000 to 6200, minCapacity: 10000, maxCapacity: 60000
2025-05-09 22:32:48 INFO  [main] c.r.vpp.service.BatteryService - Found 2 batteries in postcode range: 6000 to 6200
2025-05-09 22:32:48 INFO  [main] c.r.vpp.service.BatteryService - Creating 2 batteries asynchronously
2025-05-09 22:32:48 INFO  [main] c.r.vpp.service.BatteryService - Successfully created 2 batteries
2025-05-09 22:32:48 WARN  [SpringApplicationShutdownHook] com.zaxxer.hikari.pool.PoolBase - HikariPool-1 - Failed to validate connection org.postgresql.jdbc.PgConnection@2120f658 (This connection has been closed.). Possibly consider using a shorter maxLifetime value.
2025-05-09 22:33:18 WARN  [SpringApplicationShutdownHook] o.h.e.jdbc.spi.SqlExceptionHelper - SQL Error: 0, SQLState: 08001
2025-05-09 22:33:18 ERROR [SpringApplicationShutdownHook] o.h.e.jdbc.spi.SqlExceptionHelper - HikariPool-1 - Connection is not available, request timed out after 30006ms (total=0, active=0, idle=0, waiting=0)
2025-05-09 22:33:18 ERROR [SpringApplicationShutdownHook] o.h.e.jdbc.spi.SqlExceptionHelper - Connection to localhost:59108 refused. Check that the hostname and port are correct and that the postmaster is accepting TCP/IP connections.
2025-05-09 22:33:18 WARN  [SpringApplicationShutdownHook] o.s.b.f.s.DisposableBeanAdapter - Invocation of destroy method failed on bean with name 'entityManagerFactory': org.hibernate.exception.JDBCConnectionException: Unable to open JDBC Connection for DDL execution [HikariPool-1 - Connection is not available, request timed out after 30006ms (total=0, active=0, idle=0, waiting=0)] [n/a]
2025-05-09 22:35:03 INFO  [main] c.r.v.r.BatteryRepositoryTest - Starting BatteryRepositoryTest using Java 17.0.15 with PID 16786 (started by tahmidhamim in /Users/tahmidhamim/Desktop/Work/Assessment/rore-int/vpp)
2025-05-09 22:35:03 INFO  [main] c.r.v.r.BatteryRepositoryTest - No active profile set, falling back to 1 default profile: "default"
2025-05-09 22:35:04 WARN  [main] org.hibernate.orm.deprecation - HHH90000025: PostgreSQLDialect does not need to be specified explicitly using 'hibernate.dialect' (remove the property setting and it will be selected by default)
2025-05-09 22:35:05 INFO  [main] c.r.v.r.BatteryRepositoryTest - Started BatteryRepositoryTest in 1.854 seconds (process running for 4.511)
2025-05-09 22:35:05 WARN  [SpringApplicationShutdownHook] c.zaxxer.hikari.pool.ProxyConnection - HikariPool-1 - Connection org.postgresql.jdbc.PgConnection@2768c59b marked as broken because of SQLSTATE(08006), ErrorCode(0)
org.postgresql.util.PSQLException: An I/O error occurred while sending to the backend.
	at org.postgresql.core.v3.QueryExecutorImpl.execute(QueryExecutorImpl.java:399)
	at org.postgresql.jdbc.PgStatement.executeInternal(PgStatement.java:517)
	at org.postgresql.jdbc.PgStatement.execute(PgStatement.java:434)
	at org.postgresql.jdbc.PgStatement.executeWithFlags(PgStatement.java:356)
	at org.postgresql.jdbc.PgStatement.executeCachedSql(PgStatement.java:341)
	at org.postgresql.jdbc.PgStatement.executeWithFlags(PgStatement.java:317)
	at org.postgresql.jdbc.PgStatement.execute(PgStatement.java:312)
	at com.zaxxer.hikari.pool.ProxyStatement.execute(ProxyStatement.java:94)
	at com.zaxxer.hikari.pool.HikariProxyStatement.execute(HikariProxyStatement.java)
	at org.hibernate.tool.schema.internal.exec.GenerationTargetToDatabase.accept(GenerationTargetToDatabase.java:80)
	at org.hibernate.tool.schema.internal.SchemaDropperImpl$DelayedDropActionImpl.perform(SchemaDropperImpl.java:628)
	at org.hibernate.boot.internal.SessionFactoryObserverForSchemaExport.sessionFactoryClosing(SessionFactoryObserverForSchemaExport.java:48)
	at org.hibernate.internal.SessionFactoryObserverChain.sessionFactoryClosing(SessionFactoryObserverChain.java:48)
	at org.hibernate.internal.SessionFactoryImpl.close(SessionFactoryImpl.java:928)
	at java.base/jdk.internal.reflect.NativeMethodAccessorImpl.invoke0(Native Method)
	at java.base/jdk.internal.reflect.NativeMethodAccessorImpl.invoke(NativeMethodAccessorImpl.java:77)
	at java.base/jdk.internal.reflect.DelegatingMethodAccessorImpl.invoke(DelegatingMethodAccessorImpl.java:43)
	at java.base/java.lang.reflect.Method.invoke(Method.java:569)
	at org.springframework.orm.jpa.AbstractEntityManagerFactoryBean.invokeProxyMethod(AbstractEntityManagerFactoryBean.java:529)
	at org.springframework.orm.jpa.AbstractEntityManagerFactoryBean$ManagedEntityManagerFactoryInvocationHandler.invoke(AbstractEntityManagerFactoryBean.java:750)
	at jdk.proxy2/jdk.proxy2.$Proxy123.close(Unknown Source)
	at org.springframework.orm.jpa.AbstractEntityManagerFactoryBean.destroy(AbstractEntityManagerFactoryBean.java:662)
	at org.springframework.beans.factory.support.DisposableBeanAdapter.destroy(DisposableBeanAdapter.java:211)
	at org.springframework.beans.factory.support.DefaultSingletonBeanRegistry.destroyBean(DefaultSingletonBeanRegistry.java:796)
	at org.springframework.beans.factory.support.DefaultSingletonBeanRegistry.destroySingleton(DefaultSingletonBeanRegistry.java:746)
	at org.springframework.beans.factory.support.DefaultListableBeanFactory.destroySingleton(DefaultListableBeanFactory.java:1473)
	at org.springframework.beans.factory.support.DefaultSingletonBeanRegistry.destroySingletons(DefaultSingletonBeanRegistry.java:705)
	at org.springframework.beans.factory.support.DefaultListableBeanFactory.destroySingletons(DefaultListableBeanFactory.java:1466)
	at org.springframework.context.support.AbstractApplicationContext.destroyBeans(AbstractApplicationContext.java:1219)
	at org.springframework.context.support.AbstractApplicationContext.doClose(AbstractApplicationContext.java:1180)
	at org.springframework.context.support.AbstractApplicationContext.close(AbstractApplicationContext.java:1126)
	at org.springframework.boot.SpringApplicationShutdownHook.closeAndWait(SpringApplicationShutdownHook.java:147)
	at java.base/java.lang.Iterable.forEach(Iterable.java:75)
	at org.springframework.boot.SpringApplicationShutdownHook.run(SpringApplicationShutdownHook.java:116)
	at java.base/java.lang.Thread.run(Thread.java:840)
Caused by: java.io.EOFException: null
	at org.postgresql.core.PGStream.receiveChar(PGStream.java:478)
	at org.postgresql.core.v3.QueryExecutorImpl.processResults(QueryExecutorImpl.java:2174)
	at org.postgresql.core.v3.QueryExecutorImpl.execute(QueryExecutorImpl.java:372)
	... 34 common frames omitted
2025-05-09 22:35:05 ERROR [SpringApplicationShutdownHook] o.h.t.s.i.SchemaDropperImpl$DelayedDropActionImpl - HHH000478: Unsuccessful: set client_min_messages = WARNING
2025-05-09 22:35:05 ERROR [SpringApplicationShutdownHook] o.h.t.s.i.SchemaDropperImpl$DelayedDropActionImpl - HHH000478: Unsuccessful: drop table if exists batteries cascade
2025-05-09 23:52:16 INFO  [main] c.r.v.r.BatteryRepositoryTest - Starting BatteryRepositoryTest using Java 23.0.2 with PID 18367 (started by tahmidhamim in /Users/tahmidhamim/Desktop/Work/Assessment/rore-int/vpp)
2025-05-09 23:52:16 INFO  [main] c.r.v.r.BatteryRepositoryTest - No active profile set, falling back to 1 default profile: "default"
2025-05-09 23:52:17 WARN  [main] org.hibernate.orm.deprecation - HHH90000025: PostgreSQLDialect does not need to be specified explicitly using 'hibernate.dialect' (remove the property setting and it will be selected by default)
2025-05-09 23:52:18 INFO  [main] c.r.v.r.BatteryRepositoryTest - Started BatteryRepositoryTest in 2.063 seconds (process running for 10.158)
2025-05-09 23:52:19 INFO  [main] c.rore_int.vpp.VppApplicationTests - Starting VppApplicationTests using Java 23.0.2 with PID 18367 (started by tahmidhamim in /Users/tahmidhamim/Desktop/Work/Assessment/rore-int/vpp)
2025-05-09 23:52:19 INFO  [main] c.rore_int.vpp.VppApplicationTests - No active profile set, falling back to 1 default profile: "default"
2025-05-09 23:52:20 WARN  [main] org.hibernate.orm.deprecation - HHH90000025: PostgreSQLDialect does not need to be specified explicitly using 'hibernate.dialect' (remove the property setting and it will be selected by default)
2025-05-09 23:52:21 WARN  [main] o.s.b.a.o.j.JpaBaseConfiguration$JpaWebConfiguration - spring.jpa.open-in-view is enabled by default. Therefore, database queries may be performed during view rendering. Explicitly configure spring.jpa.open-in-view to disable this warning
2025-05-09 23:52:21 INFO  [main] c.rore_int.vpp.VppApplicationTests - Started VppApplicationTests in 1.886 seconds (process running for 12.866)
2025-05-09 23:52:21 INFO  [main] c.r.v.c.BatteryControllerPerformanceTest - Starting BatteryControllerPerformanceTest using Java 23.0.2 with PID 18367 (started by tahmidhamim in /Users/tahmidhamim/Desktop/Work/Assessment/rore-int/vpp)
2025-05-09 23:52:21 INFO  [main] c.r.v.c.BatteryControllerPerformanceTest - No active profile set, falling back to 1 default profile: "default"
2025-05-09 23:52:21 WARN  [main] org.hibernate.orm.deprecation - HHH90000025: PostgreSQLDialect does not need to be specified explicitly using 'hibernate.dialect' (remove the property setting and it will be selected by default)
2025-05-09 23:52:21 WARN  [main] o.s.b.a.o.j.JpaBaseConfiguration$JpaWebConfiguration - spring.jpa.open-in-view is enabled by default. Therefore, database queries may be performed during view rendering. Explicitly configure spring.jpa.open-in-view to disable this warning
2025-05-09 23:52:21 INFO  [main] c.r.v.c.BatteryControllerPerformanceTest - Started BatteryControllerPerformanceTest in 0.351 seconds (process running for 13.241)
2025-05-09 23:52:21 INFO  [pool-3-thread-20] c.r.vpp.controller.BatteryController - Received request to create 50 batteries
2025-05-09 23:52:21 INFO  [pool-3-thread-8] c.r.vpp.controller.BatteryController - Received request to create 50 batteries
2025-05-09 23:52:21 INFO  [pool-3-thread-13] c.r.vpp.controller.BatteryController - Received request to create 50 batteries
2025-05-09 23:52:21 INFO  [pool-3-thread-17] c.r.vpp.controller.BatteryController - Received request to create 50 batteries
2025-05-09 23:52:21 INFO  [pool-3-thread-19] c.r.vpp.controller.BatteryController - Received request to create 50 batteries
2025-05-09 23:52:21 INFO  [pool-3-thread-6] c.r.vpp.controller.BatteryController - Received request to create 50 batteries
2025-05-09 23:52:21 INFO  [pool-3-thread-9] c.r.vpp.controller.BatteryController - Received request to create 50 batteries
2025-05-09 23:52:21 INFO  [pool-3-thread-5] c.r.vpp.controller.BatteryController - Received request to create 50 batteries
2025-05-09 23:52:21 INFO  [pool-3-thread-7] c.r.vpp.controller.BatteryController - Received request to create 50 batteries
2025-05-09 23:52:21 INFO  [pool-3-thread-2] c.r.vpp.controller.BatteryController - Received request to create 50 batteries
2025-05-09 23:52:21 INFO  [pool-3-thread-12] c.r.vpp.controller.BatteryController - Received request to create 50 batteries
2025-05-09 23:52:21 INFO  [pool-3-thread-10] c.r.vpp.controller.BatteryController - Received request to create 50 batteries
2025-05-09 23:52:21 INFO  [pool-3-thread-11] c.r.vpp.controller.BatteryController - Received request to create 50 batteries
2025-05-09 23:52:21 INFO  [pool-3-thread-15] c.r.vpp.controller.BatteryController - Received request to create 50 batteries
2025-05-09 23:52:21 INFO  [pool-3-thread-14] c.r.vpp.controller.BatteryController - Received request to create 50 batteries
2025-05-09 23:52:21 INFO  [pool-3-thread-1] c.r.vpp.controller.BatteryController - Received request to create 50 batteries
2025-05-09 23:52:21 INFO  [pool-3-thread-4] c.r.vpp.controller.BatteryController - Received request to create 50 batteries
2025-05-09 23:52:21 INFO  [task-1] c.r.vpp.service.BatteryService - Creating 50 batteries asynchronously
2025-05-09 23:52:21 INFO  [pool-3-thread-18] c.r.vpp.controller.BatteryController - Received request to create 50 batteries
2025-05-09 23:52:21 INFO  [pool-3-thread-16] c.r.vpp.controller.BatteryController - Received request to create 50 batteries
2025-05-09 23:52:21 INFO  [pool-3-thread-3] c.r.vpp.controller.BatteryController - Received request to create 50 batteries
2025-05-09 23:52:21 INFO  [task-8] c.r.vpp.service.BatteryService - Creating 50 batteries asynchronously
2025-05-09 23:52:21 INFO  [task-3] c.r.vpp.service.BatteryService - Creating 50 batteries asynchronously
2025-05-09 23:52:21 INFO  [task-5] c.r.vpp.service.BatteryService - Creating 50 batteries asynchronously
2025-05-09 23:52:21 INFO  [task-6] c.r.vpp.service.BatteryService - Creating 50 batteries asynchronously
2025-05-09 23:52:21 INFO  [task-2] c.r.vpp.service.BatteryService - Creating 50 batteries asynchronously
2025-05-09 23:52:21 INFO  [task-4] c.r.vpp.service.BatteryService - Creating 50 batteries asynchronously
2025-05-09 23:52:21 INFO  [task-7] c.r.vpp.service.BatteryService - Creating 50 batteries asynchronously
2025-05-09 23:52:22 INFO  [main] c.r.vpp.service.BatteryService - Searching batteries in postcode range: 7000 to 7200, minCapacity: null, maxCapacity: null
2025-05-09 23:52:22 INFO  [task-5] c.r.vpp.service.BatteryService - Successfully created 50 batteries
2025-05-09 23:52:22 INFO  [task-5] c.r.vpp.service.BatteryService - Creating 50 batteries asynchronously
2025-05-09 23:52:22 INFO  [main] c.r.vpp.service.BatteryService - Found 0 batteries in postcode range: 7000 to 7200
2025-05-09 23:52:22 INFO  [task-3] c.r.vpp.service.BatteryService - Successfully created 50 batteries
2025-05-09 23:52:22 INFO  [task-8] c.r.vpp.service.BatteryService - Successfully created 50 batteries
2025-05-09 23:52:22 INFO  [task-3] c.r.vpp.service.BatteryService - Creating 50 batteries asynchronously
2025-05-09 23:52:22 INFO  [task-8] c.r.vpp.service.BatteryService - Creating 50 batteries asynchronously
2025-05-09 23:52:22 INFO  [task-6] c.r.vpp.service.BatteryService - Successfully created 50 batteries
2025-05-09 23:52:22 INFO  [task-6] c.r.vpp.service.BatteryService - Creating 50 batteries asynchronously
2025-05-09 23:52:22 INFO  [task-1] c.r.vpp.service.BatteryService - Successfully created 50 batteries
2025-05-09 23:52:22 INFO  [task-1] c.r.vpp.service.BatteryService - Creating 50 batteries asynchronously
2025-05-09 23:52:22 INFO  [task-2] c.r.vpp.service.BatteryService - Successfully created 50 batteries
2025-05-09 23:52:22 INFO  [task-2] c.r.vpp.service.BatteryService - Creating 50 batteries asynchronously
2025-05-09 23:52:22 INFO  [main] c.r.vpp.service.BatteryService - Searching batteries in postcode range: 6000 to 6200, minCapacity: 50000, maxCapacity: null
2025-05-09 23:52:22 INFO  [main] c.r.vpp.service.BatteryService - Found 1 batteries in postcode range: 6000 to 6200
2025-05-09 23:52:22 INFO  [main] c.r.vpp.service.BatteryService - Searching batteries in postcode range: 6000 to 6200, minCapacity: null, maxCapacity: 20000
2025-05-09 23:52:22 INFO  [main] c.r.vpp.service.BatteryService - Found 1 batteries in postcode range: 6000 to 6200
2025-05-09 23:52:22 INFO  [main] c.r.vpp.service.BatteryService - Searching batteries in postcode range: 6000 to 6200, minCapacity: 10000, maxCapacity: 60000
2025-05-09 23:52:22 INFO  [main] c.r.vpp.service.BatteryService - Found 2 batteries in postcode range: 6000 to 6200
2025-05-09 23:52:22 INFO  [main] c.r.vpp.service.BatteryService - Creating 2 batteries asynchronously
2025-05-09 23:52:22 INFO  [main] c.r.vpp.service.BatteryService - Successfully created 2 batteries
2025-05-09 23:52:22 INFO  [task-4] c.r.vpp.service.BatteryService - Successfully created 50 batteries
2025-05-09 23:52:22 INFO  [task-4] c.r.vpp.service.BatteryService - Creating 50 batteries asynchronously
2025-05-09 23:52:22 INFO  [task-7] c.r.vpp.service.BatteryService - Successfully created 50 batteries
2025-05-09 23:52:22 INFO  [task-7] c.r.vpp.service.BatteryService - Creating 50 batteries asynchronously
2025-05-09 23:52:22 INFO  [task-8] c.r.vpp.service.BatteryService - Successfully created 50 batteries
2025-05-09 23:52:22 INFO  [task-8] c.r.vpp.service.BatteryService - Creating 50 batteries asynchronously
2025-05-09 23:52:22 INFO  [task-3] c.r.vpp.service.BatteryService - Successfully created 50 batteries
2025-05-09 23:52:22 INFO  [task-3] c.r.vpp.service.BatteryService - Creating 50 batteries asynchronously
2025-05-09 23:52:22 INFO  [task-5] c.r.vpp.service.BatteryService - Successfully created 50 batteries
2025-05-09 23:52:22 INFO  [task-2] c.r.vpp.service.BatteryService - Successfully created 50 batteries
2025-05-09 23:52:22 INFO  [task-5] c.r.vpp.service.BatteryService - Creating 50 batteries asynchronously
2025-05-09 23:52:22 INFO  [task-2] c.r.vpp.service.BatteryService - Creating 50 batteries asynchronously
2025-05-09 23:52:22 INFO  [task-1] c.r.vpp.service.BatteryService - Successfully created 50 batteries
2025-05-09 23:52:22 INFO  [task-6] c.r.vpp.service.BatteryService - Successfully created 50 batteries
2025-05-09 23:52:22 INFO  [task-4] c.r.vpp.service.BatteryService - Successfully created 50 batteries
2025-05-09 23:52:22 INFO  [task-7] c.r.vpp.service.BatteryService - Successfully created 50 batteries
2025-05-09 23:52:22 INFO  [task-8] c.r.vpp.service.BatteryService - Successfully created 50 batteries
2025-05-09 23:52:22 INFO  [task-2] c.r.vpp.service.BatteryService - Successfully created 50 batteries
2025-05-09 23:52:22 INFO  [task-3] c.r.vpp.service.BatteryService - Successfully created 50 batteries
2025-05-09 23:52:22 INFO  [task-5] c.r.vpp.service.BatteryService - Successfully created 50 batteries
2025-05-09 23:52:22 WARN  [SpringApplicationShutdownHook] com.zaxxer.hikari.pool.PoolBase - HikariPool-1 - Failed to validate connection org.postgresql.jdbc.PgConnection@611070ed (This connection has been closed.). Possibly consider using a shorter maxLifetime value.
2025-05-09 23:52:52 WARN  [SpringApplicationShutdownHook] o.h.e.jdbc.spi.SqlExceptionHelper - SQL Error: 0, SQLState: 08001
2025-05-09 23:52:52 ERROR [SpringApplicationShutdownHook] o.h.e.jdbc.spi.SqlExceptionHelper - HikariPool-1 - Connection is not available, request timed out after 30006ms (total=0, active=0, idle=0, waiting=0)
2025-05-09 23:52:52 ERROR [SpringApplicationShutdownHook] o.h.e.jdbc.spi.SqlExceptionHelper - Connection to localhost:61413 refused. Check that the hostname and port are correct and that the postmaster is accepting TCP/IP connections.
2025-05-09 23:52:52 WARN  [SpringApplicationShutdownHook] o.s.b.f.s.DisposableBeanAdapter - Invocation of destroy method failed on bean with name 'entityManagerFactory': org.hibernate.exception.JDBCConnectionException: Unable to open JDBC Connection for DDL execution [HikariPool-1 - Connection is not available, request timed out after 30006ms (total=0, active=0, idle=0, waiting=0)] [n/a]
2025-05-09 23:53:14 INFO  [main] c.rore_int.vpp.VppApplicationTests - Starting VppApplicationTests using Java 17.0.15 with PID 18451 (started by tahmidhamim in /Users/tahmidhamim/Desktop/Work/Assessment/rore-int/vpp)
2025-05-09 23:53:14 INFO  [main] c.rore_int.vpp.VppApplicationTests - No active profile set, falling back to 1 default profile: "default"
2025-05-09 23:53:17 WARN  [main] org.hibernate.orm.deprecation - HHH90000025: PostgreSQLDialect does not need to be specified explicitly using 'hibernate.dialect' (remove the property setting and it will be selected by default)
2025-05-09 23:53:18 WARN  [main] o.s.b.a.o.j.JpaBaseConfiguration$JpaWebConfiguration - spring.jpa.open-in-view is enabled by default. Therefore, database queries may be performed during view rendering. Explicitly configure spring.jpa.open-in-view to disable this warning
2025-05-09 23:53:18 INFO  [main] c.rore_int.vpp.VppApplicationTests - Started VppApplicationTests in 4.091 seconds (process running for 4.763)
2025-05-09 23:54:00 INFO  [main] com.rore_int.vpp.VppApplication - Starting VppApplication using Java 17.0.15 with PID 18476 (/Users/tahmidhamim/Desktop/Work/Assessment/rore-int/vpp/target/classes started by tahmidhamim in /Users/tahmidhamim/Desktop/Work/Assessment/rore-int/vpp)
2025-05-09 23:54:00 INFO  [main] com.rore_int.vpp.VppApplication - No active profile set, falling back to 1 default profile: "default"
2025-05-09 23:54:03 WARN  [main] org.hibernate.orm.deprecation - HHH90000025: PostgreSQLDialect does not need to be specified explicitly using 'hibernate.dialect' (remove the property setting and it will be selected by default)
2025-05-09 23:54:04 WARN  [main] o.s.b.a.o.j.JpaBaseConfiguration$JpaWebConfiguration - spring.jpa.open-in-view is enabled by default. Therefore, database queries may be performed during view rendering. Explicitly configure spring.jpa.open-in-view to disable this warning
2025-05-09 23:54:05 INFO  [main] com.rore_int.vpp.VppApplication - Started VppApplication in 4.557 seconds (process running for 4.863)
2025-05-09 23:54:41 INFO  [main] c.rore_int.vpp.VppApplicationTests - Starting VppApplicationTests using Java 17.0.15 with PID 18504 (started by tahmidhamim in /Users/tahmidhamim/Desktop/Work/Assessment/rore-int/vpp)
2025-05-09 23:54:41 INFO  [main] c.rore_int.vpp.VppApplicationTests - No active profile set, falling back to 1 default profile: "default"
2025-05-09 23:54:44 WARN  [main] org.hibernate.orm.deprecation - HHH90000025: PostgreSQLDialect does not need to be specified explicitly using 'hibernate.dialect' (remove the property setting and it will be selected by default)
2025-05-09 23:54:45 WARN  [main] o.s.b.a.o.j.JpaBaseConfiguration$JpaWebConfiguration - spring.jpa.open-in-view is enabled by default. Therefore, database queries may be performed during view rendering. Explicitly configure spring.jpa.open-in-view to disable this warning
2025-05-09 23:54:46 INFO  [main] c.rore_int.vpp.VppApplicationTests - Started VppApplicationTests in 4.223 seconds (process running for 4.831)
2025-05-09 23:56:19 INFO  [main] c.r.v.r.BatteryRepositoryTest - Starting BatteryRepositoryTest using Java 23.0.2 with PID 18566 (started by tahmidhamim in /Users/tahmidhamim/Desktop/Work/Assessment/rore-int/vpp)
2025-05-09 23:56:19 INFO  [main] c.r.v.r.BatteryRepositoryTest - No active profile set, falling back to 1 default profile: "default"
2025-05-09 23:56:19 WARN  [main] org.hibernate.orm.deprecation - HHH90000025: PostgreSQLDialect does not need to be specified explicitly using 'hibernate.dialect' (remove the property setting and it will be selected by default)
2025-05-09 23:56:20 INFO  [main] c.r.v.r.BatteryRepositoryTest - Started BatteryRepositoryTest in 1.774 seconds (process running for 5.928)
2025-05-09 23:56:21 INFO  [main] c.rore_int.vpp.VppApplicationTests - Starting VppApplicationTests using Java 23.0.2 with PID 18566 (started by tahmidhamim in /Users/tahmidhamim/Desktop/Work/Assessment/rore-int/vpp)
2025-05-09 23:56:21 INFO  [main] c.rore_int.vpp.VppApplicationTests - No active profile set, falling back to 1 default profile: "default"
2025-05-09 23:56:22 WARN  [main] org.hibernate.orm.deprecation - HHH90000025: PostgreSQLDialect does not need to be specified explicitly using 'hibernate.dialect' (remove the property setting and it will be selected by default)
2025-05-09 23:56:23 WARN  [main] o.s.b.a.o.j.JpaBaseConfiguration$JpaWebConfiguration - spring.jpa.open-in-view is enabled by default. Therefore, database queries may be performed during view rendering. Explicitly configure spring.jpa.open-in-view to disable this warning
2025-05-09 23:56:23 INFO  [main] c.rore_int.vpp.VppApplicationTests - Started VppApplicationTests in 1.581 seconds (process running for 8.352)
2025-05-09 23:56:23 INFO  [main] c.r.v.c.BatteryControllerPerformanceTest - Starting BatteryControllerPerformanceTest using Java 23.0.2 with PID 18566 (started by tahmidhamim in /Users/tahmidhamim/Desktop/Work/Assessment/rore-int/vpp)
2025-05-09 23:56:23 INFO  [main] c.r.v.c.BatteryControllerPerformanceTest - No active profile set, falling back to 1 default profile: "default"
2025-05-09 23:56:23 WARN  [main] org.hibernate.orm.deprecation - HHH90000025: PostgreSQLDialect does not need to be specified explicitly using 'hibernate.dialect' (remove the property setting and it will be selected by default)
2025-05-09 23:56:23 WARN  [main] o.s.b.a.o.j.JpaBaseConfiguration$JpaWebConfiguration - spring.jpa.open-in-view is enabled by default. Therefore, database queries may be performed during view rendering. Explicitly configure spring.jpa.open-in-view to disable this warning
2025-05-09 23:56:23 INFO  [main] c.r.v.c.BatteryControllerPerformanceTest - Started BatteryControllerPerformanceTest in 0.315 seconds (process running for 8.69)
2025-05-09 23:56:23 INFO  [pool-3-thread-15] c.r.vpp.controller.BatteryController - Received request to create 50 batteries
2025-05-09 23:56:23 INFO  [pool-3-thread-11] c.r.vpp.controller.BatteryController - Received request to create 50 batteries
2025-05-09 23:56:23 INFO  [pool-3-thread-13] c.r.vpp.controller.BatteryController - Received request to create 50 batteries
2025-05-09 23:56:23 INFO  [pool-3-thread-14] c.r.vpp.controller.BatteryController - Received request to create 50 batteries
2025-05-09 23:56:23 INFO  [pool-3-thread-9] c.r.vpp.controller.BatteryController - Received request to create 50 batteries
2025-05-09 23:56:23 INFO  [pool-3-thread-2] c.r.vpp.controller.BatteryController - Received request to create 50 batteries
2025-05-09 23:56:23 INFO  [pool-3-thread-3] c.r.vpp.controller.BatteryController - Received request to create 50 batteries
2025-05-09 23:56:23 INFO  [pool-3-thread-1] c.r.vpp.controller.BatteryController - Received request to create 50 batteries
2025-05-09 23:56:23 INFO  [pool-3-thread-5] c.r.vpp.controller.BatteryController - Received request to create 50 batteries
2025-05-09 23:56:23 INFO  [pool-3-thread-6] c.r.vpp.controller.BatteryController - Received request to create 50 batteries
2025-05-09 23:56:23 INFO  [pool-3-thread-12] c.r.vpp.controller.BatteryController - Received request to create 50 batteries
2025-05-09 23:56:23 INFO  [pool-3-thread-19] c.r.vpp.controller.BatteryController - Received request to create 50 batteries
2025-05-09 23:56:23 INFO  [pool-3-thread-7] c.r.vpp.controller.BatteryController - Received request to create 50 batteries
2025-05-09 23:56:23 INFO  [pool-3-thread-18] c.r.vpp.controller.BatteryController - Received request to create 50 batteries
2025-05-09 23:56:23 INFO  [pool-3-thread-17] c.r.vpp.controller.BatteryController - Received request to create 50 batteries
2025-05-09 23:56:23 INFO  [pool-3-thread-4] c.r.vpp.controller.BatteryController - Received request to create 50 batteries
2025-05-09 23:56:23 INFO  [pool-3-thread-10] c.r.vpp.controller.BatteryController - Received request to create 50 batteries
2025-05-09 23:56:23 INFO  [pool-3-thread-16] c.r.vpp.controller.BatteryController - Received request to create 50 batteries
2025-05-09 23:56:23 INFO  [pool-3-thread-20] c.r.vpp.controller.BatteryController - Received request to create 50 batteries
2025-05-09 23:56:23 INFO  [pool-3-thread-8] c.r.vpp.controller.BatteryController - Received request to create 50 batteries
2025-05-09 23:56:23 INFO  [task-2] c.r.vpp.service.BatteryService - Creating 50 batteries asynchronously
2025-05-09 23:56:23 INFO  [task-6] c.r.vpp.service.BatteryService - Creating 50 batteries asynchronously
2025-05-09 23:56:23 INFO  [task-8] c.r.vpp.service.BatteryService - Creating 50 batteries asynchronously
2025-05-09 23:56:23 INFO  [task-1] c.r.vpp.service.BatteryService - Creating 50 batteries asynchronously
2025-05-09 23:56:23 INFO  [task-7] c.r.vpp.service.BatteryService - Creating 50 batteries asynchronously
2025-05-09 23:56:23 INFO  [task-3] c.r.vpp.service.BatteryService - Creating 50 batteries asynchronously
2025-05-09 23:56:23 INFO  [task-4] c.r.vpp.service.BatteryService - Creating 50 batteries asynchronously
2025-05-09 23:56:23 INFO  [task-5] c.r.vpp.service.BatteryService - Creating 50 batteries asynchronously
2025-05-09 23:56:23 INFO  [task-7] c.r.vpp.service.BatteryService - Successfully created 50 batteries
2025-05-09 23:56:23 INFO  [task-7] c.r.vpp.service.BatteryService - Creating 50 batteries asynchronously
2025-05-09 23:56:23 INFO  [task-1] c.r.vpp.service.BatteryService - Successfully created 50 batteries
2025-05-09 23:56:23 INFO  [task-1] c.r.vpp.service.BatteryService - Creating 50 batteries asynchronously
2025-05-09 23:56:23 INFO  [task-6] c.r.vpp.service.BatteryService - Successfully created 50 batteries
2025-05-09 23:56:23 INFO  [task-6] c.r.vpp.service.BatteryService - Creating 50 batteries asynchronously
2025-05-09 23:56:23 INFO  [task-4] c.r.vpp.service.BatteryService - Successfully created 50 batteries
2025-05-09 23:56:23 INFO  [task-4] c.r.vpp.service.BatteryService - Creating 50 batteries asynchronously
2025-05-09 23:56:23 INFO  [task-3] c.r.vpp.service.BatteryService - Successfully created 50 batteries
2025-05-09 23:56:23 INFO  [task-3] c.r.vpp.service.BatteryService - Creating 50 batteries asynchronously
2025-05-09 23:56:23 INFO  [task-8] c.r.vpp.service.BatteryService - Successfully created 50 batteries
2025-05-09 23:56:23 INFO  [task-8] c.r.vpp.service.BatteryService - Creating 50 batteries asynchronously
2025-05-09 23:56:23 INFO  [task-2] c.r.vpp.service.BatteryService - Successfully created 50 batteries
2025-05-09 23:56:23 INFO  [task-5] c.r.vpp.service.BatteryService - Successfully created 50 batteries
2025-05-09 23:56:23 INFO  [task-5] c.r.vpp.service.BatteryService - Creating 50 batteries asynchronously
2025-05-09 23:56:23 INFO  [task-2] c.r.vpp.service.BatteryService - Creating 50 batteries asynchronously
2025-05-09 23:56:23 INFO  [task-7] c.r.vpp.service.BatteryService - Successfully created 50 batteries
2025-05-09 23:56:23 INFO  [task-7] c.r.vpp.service.BatteryService - Creating 50 batteries asynchronously
2025-05-09 23:56:23 INFO  [main] c.r.vpp.service.BatteryService - Searching batteries in postcode range: 7000 to 7200, minCapacity: null, maxCapacity: null
2025-05-09 23:56:23 INFO  [main] c.r.vpp.service.BatteryService - Found 0 batteries in postcode range: 7000 to 7200
2025-05-09 23:56:23 INFO  [task-6] c.r.vpp.service.BatteryService - Successfully created 50 batteries
2025-05-09 23:56:23 INFO  [task-6] c.r.vpp.service.BatteryService - Creating 50 batteries asynchronously
2025-05-09 23:56:23 INFO  [task-1] c.r.vpp.service.BatteryService - Successfully created 50 batteries
2025-05-09 23:56:23 INFO  [task-1] c.r.vpp.service.BatteryService - Creating 50 batteries asynchronously
2025-05-09 23:56:23 INFO  [task-4] c.r.vpp.service.BatteryService - Successfully created 50 batteries
2025-05-09 23:56:23 INFO  [task-4] c.r.vpp.service.BatteryService - Creating 50 batteries asynchronously
2025-05-09 23:56:23 INFO  [main] c.r.vpp.service.BatteryService - Searching batteries in postcode range: 6000 to 6200, minCapacity: 50000, maxCapacity: null
2025-05-09 23:56:23 INFO  [main] c.r.vpp.service.BatteryService - Found 1 batteries in postcode range: 6000 to 6200
2025-05-09 23:56:23 INFO  [task-8] c.r.vpp.service.BatteryService - Successfully created 50 batteries
2025-05-09 23:56:23 INFO  [task-3] c.r.vpp.service.BatteryService - Successfully created 50 batteries
2025-05-09 23:56:23 INFO  [task-5] c.r.vpp.service.BatteryService - Successfully created 50 batteries
2025-05-09 23:56:23 INFO  [task-2] c.r.vpp.service.BatteryService - Successfully created 50 batteries
2025-05-09 23:56:23 INFO  [main] c.r.vpp.service.BatteryService - Searching batteries in postcode range: 6000 to 6200, minCapacity: null, maxCapacity: 20000
2025-05-09 23:56:23 INFO  [main] c.r.vpp.service.BatteryService - Found 1 batteries in postcode range: 6000 to 6200
2025-05-09 23:56:23 INFO  [main] c.r.vpp.service.BatteryService - Searching batteries in postcode range: 6000 to 6200, minCapacity: 10000, maxCapacity: 60000
2025-05-09 23:56:23 INFO  [main] c.r.vpp.service.BatteryService - Found 2 batteries in postcode range: 6000 to 6200
2025-05-09 23:56:23 INFO  [main] c.r.vpp.service.BatteryService - Creating 2 batteries asynchronously
2025-05-09 23:56:23 INFO  [main] c.r.vpp.service.BatteryService - Successfully created 2 batteries
2025-05-09 23:56:23 INFO  [task-6] c.r.vpp.service.BatteryService - Successfully created 50 batteries
2025-05-09 23:56:23 WARN  [SpringApplicationShutdownHook] com.zaxxer.hikari.pool.PoolBase - HikariPool-1 - Failed to validate connection org.postgresql.jdbc.PgConnection@77aa764 (This connection has been closed.). Possibly consider using a shorter maxLifetime value.
2025-05-09 23:56:23 INFO  [task-1] c.r.vpp.service.BatteryService - Successfully created 50 batteries
2025-05-09 23:56:23 INFO  [task-7] c.r.vpp.service.BatteryService - Successfully created 50 batteries
2025-05-09 23:56:23 INFO  [task-4] c.r.vpp.service.BatteryService - Successfully created 50 batteries
2025-05-09 23:56:53 WARN  [SpringApplicationShutdownHook] o.h.e.jdbc.spi.SqlExceptionHelper - SQL Error: 0, SQLState: 08001
2025-05-09 23:56:53 ERROR [SpringApplicationShutdownHook] o.h.e.jdbc.spi.SqlExceptionHelper - HikariPool-1 - Connection is not available, request timed out after 30006ms (total=0, active=0, idle=0, waiting=0)
2025-05-09 23:56:53 ERROR [SpringApplicationShutdownHook] o.h.e.jdbc.spi.SqlExceptionHelper - Connection to localhost:61708 refused. Check that the hostname and port are correct and that the postmaster is accepting TCP/IP connections.
2025-05-09 23:56:53 WARN  [SpringApplicationShutdownHook] o.s.b.f.s.DisposableBeanAdapter - Invocation of destroy method failed on bean with name 'entityManagerFactory': org.hibernate.exception.JDBCConnectionException: Unable to open JDBC Connection for DDL execution [HikariPool-1 - Connection is not available, request timed out after 30006ms (total=0, active=0, idle=0, waiting=0)] [n/a]
2025-05-09 23:57:13 INFO  [main] com.rore_int.vpp.VppApplication - Starting VppApplication using Java 23.0.2 with PID 18659 (/Users/tahmidhamim/Desktop/Work/Assessment/rore-int/vpp/target/classes started by tahmidhamim in /Users/tahmidhamim/Desktop/Work/Assessment/rore-int/vpp)
2025-05-09 23:57:13 INFO  [main] com.rore_int.vpp.VppApplication - No active profile set, falling back to 1 default profile: "default"
2025-05-09 23:57:14 WARN  [main] org.hibernate.orm.deprecation - HHH90000025: PostgreSQLDialect does not need to be specified explicitly using 'hibernate.dialect' (remove the property setting and it will be selected by default)
2025-05-09 23:57:16 WARN  [main] o.s.b.a.o.j.JpaBaseConfiguration$JpaWebConfiguration - spring.jpa.open-in-view is enabled by default. Therefore, database queries may be performed during view rendering. Explicitly configure spring.jpa.open-in-view to disable this warning
2025-05-09 23:57:16 INFO  [main] com.rore_int.vpp.VppApplication - Started VppApplication in 2.659 seconds (process running for 2.796)
2025-05-09 23:57:53 INFO  [main] c.r.v.c.BatteryControllerPerformanceTest - Starting BatteryControllerPerformanceTest using Java 17.0.15 with PID 18683 (started by tahmidhamim in /Users/tahmidhamim/Desktop/Work/Assessment/rore-int/vpp)
2025-05-09 23:57:53 INFO  [main] c.r.v.c.BatteryControllerPerformanceTest - No active profile set, falling back to 1 default profile: "default"
2025-05-09 23:57:54 WARN  [main] org.hibernate.orm.deprecation - HHH90000025: PostgreSQLDialect does not need to be specified explicitly using 'hibernate.dialect' (remove the property setting and it will be selected by default)
2025-05-09 23:57:55 WARN  [main] o.s.b.a.o.j.JpaBaseConfiguration$JpaWebConfiguration - spring.jpa.open-in-view is enabled by default. Therefore, database queries may be performed during view rendering. Explicitly configure spring.jpa.open-in-view to disable this warning
2025-05-09 23:57:55 INFO  [main] c.r.v.c.BatteryControllerPerformanceTest - Started BatteryControllerPerformanceTest in 2.414 seconds (process running for 3.412)
2025-05-09 23:57:56 INFO  [pool-2-thread-9] c.r.vpp.controller.BatteryController - Received request to create 50 batteries
2025-05-09 23:57:56 INFO  [pool-2-thread-2] c.r.vpp.controller.BatteryController - Received request to create 50 batteries
2025-05-09 23:57:56 INFO  [pool-2-thread-5] c.r.vpp.controller.BatteryController - Received request to create 50 batteries
2025-05-09 23:57:56 INFO  [pool-2-thread-20] c.r.vpp.controller.BatteryController - Received request to create 50 batteries
2025-05-09 23:57:56 INFO  [pool-2-thread-1] c.r.vpp.controller.BatteryController - Received request to create 50 batteries
2025-05-09 23:57:56 INFO  [pool-2-thread-13] c.r.vpp.controller.BatteryController - Received request to create 50 batteries
2025-05-09 23:57:56 INFO  [pool-2-thread-6] c.r.vpp.controller.BatteryController - Received request to create 50 batteries
2025-05-09 23:57:56 INFO  [pool-2-thread-3] c.r.vpp.controller.BatteryController - Received request to create 50 batteries
2025-05-09 23:57:56 INFO  [pool-2-thread-17] c.r.vpp.controller.BatteryController - Received request to create 50 batteries
2025-05-09 23:57:56 INFO  [pool-2-thread-16] c.r.vpp.controller.BatteryController - Received request to create 50 batteries
2025-05-09 23:57:56 INFO  [pool-2-thread-19] c.r.vpp.controller.BatteryController - Received request to create 50 batteries
2025-05-09 23:57:56 INFO  [pool-2-thread-8] c.r.vpp.controller.BatteryController - Received request to create 50 batteries
2025-05-09 23:57:56 INFO  [pool-2-thread-10] c.r.vpp.controller.BatteryController - Received request to create 50 batteries
2025-05-09 23:57:56 INFO  [pool-2-thread-15] c.r.vpp.controller.BatteryController - Received request to create 50 batteries
2025-05-09 23:57:56 INFO  [pool-2-thread-4] c.r.vpp.controller.BatteryController - Received request to create 50 batteries
2025-05-09 23:57:56 INFO  [pool-2-thread-14] c.r.vpp.controller.BatteryController - Received request to create 50 batteries
2025-05-09 23:57:56 INFO  [pool-2-thread-18] c.r.vpp.controller.BatteryController - Received request to create 50 batteries
2025-05-09 23:57:56 INFO  [pool-2-thread-11] c.r.vpp.controller.BatteryController - Received request to create 50 batteries
2025-05-09 23:57:56 INFO  [pool-2-thread-7] c.r.vpp.controller.BatteryController - Received request to create 50 batteries
2025-05-09 23:57:56 INFO  [pool-2-thread-12] c.r.vpp.controller.BatteryController - Received request to create 50 batteries
2025-05-09 23:57:56 INFO  [task-3] c.r.vpp.service.BatteryService - Creating 50 batteries asynchronously
2025-05-09 23:57:56 INFO  [task-2] c.r.vpp.service.BatteryService - Creating 50 batteries asynchronously
2025-05-09 23:57:56 INFO  [task-7] c.r.vpp.service.BatteryService - Creating 50 batteries asynchronously
2025-05-09 23:57:56 INFO  [task-5] c.r.vpp.service.BatteryService - Creating 50 batteries asynchronously
2025-05-09 23:57:56 INFO  [task-6] c.r.vpp.service.BatteryService - Creating 50 batteries asynchronously
2025-05-09 23:57:56 INFO  [task-1] c.r.vpp.service.BatteryService - Creating 50 batteries asynchronously
2025-05-09 23:57:56 INFO  [task-4] c.r.vpp.service.BatteryService - Creating 50 batteries asynchronously
2025-05-09 23:57:56 INFO  [task-8] c.r.vpp.service.BatteryService - Creating 50 batteries asynchronously
2025-05-09 23:57:56 INFO  [task-2] c.r.vpp.service.BatteryService - Successfully created 50 batteries
2025-05-09 23:57:56 INFO  [task-3] c.r.vpp.service.BatteryService - Successfully created 50 batteries
2025-05-09 23:57:56 INFO  [task-4] c.r.vpp.service.BatteryService - Successfully created 50 batteries
2025-05-09 23:57:56 INFO  [task-1] c.r.vpp.service.BatteryService - Successfully created 50 batteries
2025-05-09 23:57:56 INFO  [task-7] c.r.vpp.service.BatteryService - Successfully created 50 batteries
2025-05-09 23:57:56 INFO  [task-8] c.r.vpp.service.BatteryService - Successfully created 50 batteries
2025-05-09 23:57:56 INFO  [task-8] c.r.vpp.service.BatteryService - Creating 50 batteries asynchronously
2025-05-09 23:57:56 INFO  [task-7] c.r.vpp.service.BatteryService - Creating 50 batteries asynchronously
2025-05-09 23:57:56 INFO  [task-3] c.r.vpp.service.BatteryService - Creating 50 batteries asynchronously
2025-05-09 23:57:56 INFO  [task-2] c.r.vpp.service.BatteryService - Creating 50 batteries asynchronously
2025-05-09 23:57:56 INFO  [task-4] c.r.vpp.service.BatteryService - Creating 50 batteries asynchronously
2025-05-09 23:57:56 INFO  [task-6] c.r.vpp.service.BatteryService - Successfully created 50 batteries
2025-05-09 23:57:56 INFO  [task-6] c.r.vpp.service.BatteryService - Creating 50 batteries asynchronously
2025-05-09 23:57:56 INFO  [task-1] c.r.vpp.service.BatteryService - Creating 50 batteries asynchronously
2025-05-09 23:57:56 INFO  [task-5] c.r.vpp.service.BatteryService - Successfully created 50 batteries
2025-05-09 23:57:56 INFO  [task-5] c.r.vpp.service.BatteryService - Creating 50 batteries asynchronously
2025-05-09 23:57:56 INFO  [task-4] c.r.vpp.service.BatteryService - Successfully created 50 batteries
2025-05-09 23:57:56 INFO  [task-4] c.r.vpp.service.BatteryService - Creating 50 batteries asynchronously
2025-05-09 23:57:56 INFO  [task-7] c.r.vpp.service.BatteryService - Successfully created 50 batteries
2025-05-09 23:57:56 INFO  [task-7] c.r.vpp.service.BatteryService - Creating 50 batteries asynchronously
2025-05-09 23:57:56 INFO  [task-1] c.r.vpp.service.BatteryService - Successfully created 50 batteries
2025-05-09 23:57:56 INFO  [task-1] c.r.vpp.service.BatteryService - Creating 50 batteries asynchronously
2025-05-09 23:57:56 INFO  [task-6] c.r.vpp.service.BatteryService - Successfully created 50 batteries
2025-05-09 23:57:56 INFO  [task-6] c.r.vpp.service.BatteryService - Creating 50 batteries asynchronously
2025-05-09 23:57:56 INFO  [task-2] c.r.vpp.service.BatteryService - Successfully created 50 batteries
2025-05-09 23:57:56 INFO  [task-8] c.r.vpp.service.BatteryService - Successfully created 50 batteries
2025-05-09 23:57:56 INFO  [task-3] c.r.vpp.service.BatteryService - Successfully created 50 batteries
2025-05-09 23:57:56 INFO  [task-5] c.r.vpp.service.BatteryService - Successfully created 50 batteries
2025-05-09 23:57:56 INFO  [task-7] c.r.vpp.service.BatteryService - Successfully created 50 batteries
2025-05-09 23:57:56 INFO  [task-4] c.r.vpp.service.BatteryService - Successfully created 50 batteries
2025-05-09 23:57:56 INFO  [task-6] c.r.vpp.service.BatteryService - Successfully created 50 batteries
2025-05-09 23:57:56 INFO  [task-1] c.r.vpp.service.BatteryService - Successfully created 50 batteries
